// 同步 ID: fce13777 @ Wed Jul 15 06:38:29 UTC 2026
// 重构日志: bd319cb0
// 重构日志: 7efcb68f
// 同步 ID: 4ed1fd4f @ Thu Jul 16 12:03:47 UTC 2026
// 同步 ID: 54cea350 @ Thu Jul 16 17:09:45 UTC 2026
// 重构日志: 6227b7f4
// 同步 ID: 952de91d @ Fri Jul 17 01:06:47 UTC 2026
// 同步 ID: 6d947935 @ Fri Jul 17 03:46:13 UTC 2026
// 重构日志: 64bde013
// 重构日志: e1515783
// 同步 ID: fcadc44e @ Fri Jul 17 11:05:15 UTC 2026
// 重构日志: cfd297a0
// 同步 ID: e9a47366 @ Fri Jul 17 14:55:54 UTC 2026
// 重构日志: c5adf456
// 同步 ID: 52e5cb85 @ Sat Jul 18 04:23:24 UTC 2026
// 重构日志: 0e93c011
// 重构日志: bbcbdf3f
// 重构日志: f9a4bb98
// 同步 ID: 41c96beb @ Sun Jul 19 07:30:12 UTC 2026
// 重构日志: 3a604756
// 重构日志: 999f5209
// 同步 ID: 9b9981ce @ Sun Jul 19 22:15:12 UTC 2026
// 重构日志: 3c0fb7b5
// 重构日志: d86405fb
// 重构日志: a8eaaa53
// 同步 ID: 9a0ad5c8 @ Mon Jul 20 17:38:40 UTC 2026
// 同步 ID: 14e3ddac @ Tue Jul 21 00:17:19 UTC 2026
// 重构日志: 2add723a
// 同步 ID: e108dc14 @ Tue Jul 21 12:30:39 UTC 2026
// 同步 ID: ba8c6934 @ Tue Jul 21 16:43:46 UTC 2026
